生成启动时间为 2018-11-14 16:26:27。
     1>项目“D:\VS\VC\俄罗斯方块\俄罗斯方块\俄罗斯方块.vcxproj”在节点 2 上(build 个目标)。
     1>InitializeBuildStatus:
         正在创建“Debug\俄罗斯方块.unsuccessfulbuild”，因为已指定“AlwaysCreate”。
       ClCompile:
         所有输出均为最新。
         D:\APP\VB2010\VC\bin\CL.exe /c /ZI /nologo /W3 /WX- /Od /Oy- /D WIN32 /D _DEBUG /D _WINDOWS /D _UNICODE /D UNICODE /Gm /EHsc /RTC1 /MDd /GS /fp:precise /Zc:wchar_t /Zc:forScope /Yu"StdAfx.h" /Fp"Debug\俄罗斯方块.pch" /Fo"Debug\\" /Fd"Debug\vc100.pdb" /Gd /TP /analyze- /errorReport:prompt "俄罗斯方块.cpp"
         俄罗斯方块.cpp
       ResourceCompile:
         所有输出均为最新。
       ManifestResourceCompile:
         所有输出均为最新。
       Link:
         D:\APP\VB2010\VC\bin\link.exe /ERRORREPORT:PROMPT /OUT:"D:\VS\VC\俄罗斯方块\Debug\俄罗斯方块.exe" /INCREMENTAL /NOLOGO kernel32.lib user32.lib gdi32.lib winspool.lib comdlg32.lib advapi32.lib shell32.lib ole32.lib oleaut32.lib uuid.lib odbc32.lib odbccp32.lib /MANIFEST /ManifestFile:"Debug\俄罗斯方块.exe.intermediate.manifest" /MANIFESTUAC:"level='asInvoker' uiAccess='false'" /DEBUG /PDB:"D:\VS\VC\俄罗斯方块\Debug\俄罗斯方块.pdb" /SUBSYSTEM:WINDOWS /TLBID:1 /DYNAMICBASE /NXCOMPAT /IMPLIB:"D:\VS\VC\俄罗斯方块\Debug\俄罗斯方块.lib" /MACHINE:X86 "Debug\俄罗斯方块.res"
         "Debug\俄罗斯方块.exe.embed.manifest.res"
         Debug\stdafx.obj
         "Debug\俄罗斯方块.obj"
       Manifest:
         C:\Program Files (x86)\Microsoft SDKs\Windows\v7.0A\bin\mt.exe /nologo /verbose /out:"Debug\俄罗斯方块.exe.embed.manifest" /manifest "Debug\俄罗斯方块.exe.intermediate.manifest"
         所有输出均为最新。
       LinkEmbedManifest:
         所有输出均为最新。
         俄罗斯方块.vcxproj -> D:\VS\VC\俄罗斯方块\Debug\俄罗斯方块.exe
       FinalizeBuildStatus:
         正在删除文件“Debug\俄罗斯方块.unsuccessfulbuild”。
         正在对“Debug\俄罗斯方块.lastbuildstate”执行 Touch 任务。
     1>已完成生成项目“D:\VS\VC\俄罗斯方块\俄罗斯方块\俄罗斯方块.vcxproj”(build 个目标)的操作。

生成成功。

已用时间 00:00:00.54
